<?xml version="1.0" encoding="UTF-8"?>
<!-- Generated by org.testng.reporters.JUnitReportReporter -->
<testsuite hostname="pranitha-sa" failures="0" tests="1" name="animalBiome_Release.Dog_Img_Vet" time="105.347" errors="0" timestamp="2022-05-04T10:10:09 IST" skipped="0">
  <testcase classname="animalBiome_Release.Dog_Img_Vet" name="addpet_dogimg_vet" time="105.347"/>
  <system-out/>
</testsuite> <!-- animalBiome_Release.Dog_Img_Vet -->
