<?xml version="1.0" encoding="UTF-8"?>
<!-- Generated by org.testng.reporters.JUnitReportReporter -->
<testsuite hostname="praneetha-stratapps" failures="0" tests="2" name="animalBiome_Release.Addpet_dog_with_health_and_diet_none" time="101.726" errors="0" timestamp="2021-12-28T12:32:50 IST" skipped="0">
  <testcase classname="animalBiome_Release.Addpet_dog_with_health_and_diet_none" name="start" time="6.656"/>
  <system-out/>
  <testcase classname="animalBiome_Release.Addpet_dog_with_health_and_diet_none" name="addpet_dog" time="95.070"/>
  <system-out/>
</testsuite> <!-- animalBiome_Release.Addpet_dog_with_health_and_diet_none -->
