<?xml version="1.0" encoding="UTF-8"?>
<!-- Generated by org.testng.reporters.JUnitReportReporter -->
<testsuite hostname="praneetha-stratapps" failures="0" tests="1" name="animalBiome_Release.Dog_NoImg_Vet" time="98.099" errors="0" timestamp="2022-02-14T15:02:25 IST" skipped="0">
  <testcase classname="animalBiome_Release.Dog_NoImg_Vet" name="addpet_dog_noimg_vet" time="98.099"/>
  <system-out/>
</testsuite> <!-- animalBiome_Release.Dog_NoImg_Vet -->
