<?xml version="1.0" encoding="UTF-8"?>
<!-- Generated by org.testng.reporters.JUnitReportReporter -->
<testsuite hostname="praneetha-stratapps" failures="0" tests="1" name="animalBiome_Release.Signin_Existing_User" time="26.223" errors="0" timestamp="2021-12-30T16:59:51 IST" skipped="0">
  <testcase classname="animalBiome_Release.Signin_Existing_User" name="start" time="26.223"/>
  <system-out/>
</testsuite> <!-- animalBiome_Release.Signin_Existing_User -->
