<?xml version="1.0" encoding="UTF-8"?>
<!-- Generated by org.testng.reporters.JUnitReportReporter -->
<testsuite hostname="praneetha-stratapps" failures="0" tests="2" name="animalBiome_Release.Addpet_dog_without_img_with_vet" time="94.652" errors="0" timestamp="2021-12-28T12:40:05 IST" skipped="0">
  <testcase classname="animalBiome_Release.Addpet_dog_without_img_with_vet" name="start" time="6.619"/>
  <system-out/>
  <testcase classname="animalBiome_Release.Addpet_dog_without_img_with_vet" name="addpet_dog" time="88.033"/>
  <system-out/>
</testsuite> <!-- animalBiome_Release.Addpet_dog_without_img_with_vet -->
