<?xml version="1.0" encoding="UTF-8"?>
<!-- Generated by org.testng.reporters.JUnitReportReporter -->
<testsuite hostname="praneetha-stratapps" failures="0" tests="2" name="animalBiome_Release.Signup_Newuser" time="15.081" errors="0" timestamp="2021-12-14T12:22:31 IST" skipped="0">
  <testcase classname="animalBiome_Release.Signup_Newuser" name="start" time="9.878"/>
  <system-out/>
  <testcase classname="animalBiome_Release.Signup_Newuser" name="signup" time="5.203"/>
  <system-out/>
</testsuite> <!-- animalBiome_Release.Signup_Newuser -->
