<?xml version="1.0" encoding="UTF-8"?>
<!-- Generated by org.testng.reporters.JUnitReportReporter -->
<testsuite hostname="praneetha-stratapps" failures="0" tests="2" name="animalBiome_Release.Addpet_dog_exist_withimg_vetdetails" time="104.078" errors="0" timestamp="2021-12-28T12:34:57 IST" skipped="0">
  <testcase classname="animalBiome_Release.Addpet_dog_exist_withimg_vetdetails" name="start" time="9.422"/>
  <system-out/>
  <testcase classname="animalBiome_Release.Addpet_dog_exist_withimg_vetdetails" name="addpet_dog" time="94.656"/>
  <system-out/>
</testsuite> <!-- animalBiome_Release.Addpet_dog_exist_withimg_vetdetails -->
