<?xml version="1.0" encoding="UTF-8"?>
<!-- Generated by org.testng.reporters.JUnitReportReporter -->
<testsuite hostname="praneetha-stratapps" failures="0" tests="1" name="animalBiome_Release.Addpet_dog_without_img_with_vet" time="97.292" errors="0" timestamp="2021-12-29T10:17:58 IST" skipped="0">
  <testcase classname="animalBiome_Release.Addpet_dog_without_img_with_vet" name="addpet_dog" time="97.292"/>
  <system-out/>
</testsuite> <!-- animalBiome_Release.Addpet_dog_without_img_with_vet -->
