<?xml version="1.0" encoding="UTF-8"?>
<!-- Generated by org.testng.reporters.JUnitReportReporter -->
<testsuite hostname="praneetha-stratapps" failures="0" tests="1" name="animalBiome_Release.Dog_Img_Vet" time="113.205" errors="0" timestamp="2021-12-30T16:59:51 IST" skipped="0">
  <testcase classname="animalBiome_Release.Dog_Img_Vet" name="addpet_dogimg_vet" time="113.205"/>
  <system-out/>
</testsuite> <!-- animalBiome_Release.Dog_Img_Vet -->
