<?xml version="1.0" encoding="UTF-8"?>
<!-- Generated by org.testng.reporters.JUnitReportReporter -->
<testsuite hostname="praneetha-stratapps" failures="0" tests="1" name="animalBiome_Release.Exist_user" time="20.734" errors="0" timestamp="2021-12-29T10:17:58 IST" skipped="0">
  <testcase classname="animalBiome_Release.Exist_user" name="start" time="20.734"/>
  <system-out/>
</testsuite> <!-- animalBiome_Release.Exist_user -->
