<?xml version="1.0" encoding="UTF-8"?>
<!-- Generated by org.testng.reporters.JUnitReportReporter -->
<testsuite hostname="praneetha-stratapps" failures="0" tests="1" name="animalBiome_Release.Addpet_dog_withimg_withoutvet" time="81.703" errors="0" timestamp="2021-12-29T10:17:58 IST" skipped="0">
  <testcase classname="animalBiome_Release.Addpet_dog_withimg_withoutvet" name="addpet_dog" time="81.703"/>
  <system-out/>
</testsuite> <!-- animalBiome_Release.Addpet_dog_withimg_withoutvet -->
