<?xml version="1.0" encoding="UTF-8"?>
<!-- Generated by org.testng.reporters.JUnitReportReporter -->
<testsuite hostname="praneetha-stratapps" failures="0" tests="2" name="animalBiome_Release.Signin_Newuser" time="17.184" errors="0" timestamp="2021-12-14T12:32:25 IST" skipped="0">
  <testcase classname="animalBiome_Release.Signin_Newuser" name="start" time="11.682"/>
  <system-out/>
  <testcase classname="animalBiome_Release.Signin_Newuser" name="signin" time="5.502"/>
  <system-out/>
</testsuite> <!-- animalBiome_Release.Signin_Newuser -->
