<?xml version="1.0" encoding="UTF-8"?>
<!-- Generated by org.testng.reporters.JUnitReportReporter -->
<testsuite hostname="praneetha-stratapps" failures="0" tests="1" name="animalBiome_Release.Dog_Img_NoVet" time="90.977" errors="0" timestamp="2022-01-05T15:10:35 IST" skipped="0">
  <testcase classname="animalBiome_Release.Dog_Img_NoVet" name="addpet_dogimg_novet" time="90.977"/>
  <system-out/>
</testsuite> <!-- animalBiome_Release.Dog_Img_NoVet -->
