<?xml version="1.0" encoding="UTF-8"?>
<!-- Generated by org.testng.reporters.JUnitReportReporter -->
<testsuite hostname="praneetha-stratapps" failures="0" tests="1" name="animalBiome_Release.Signin_Existing_User" time="25.112" errors="0" timestamp="2022-01-07T12:20:40 IST" skipped="0">
  <testcase classname="animalBiome_Release.Signin_Existing_User" name="start" time="25.112"/>
  <system-out/>
</testsuite> <!-- animalBiome_Release.Signin_Existing_User -->
