<?xml version="1.0" encoding="UTF-8"?>
<!-- Generated by org.testng.reporters.JUnitReportReporter -->
<testsuite hostname="LAP043" failures="0" tests="2" name="animalBiome_Release.Signup_Newuser" time="20.486" errors="0" timestamp="2021-12-09T22:50:29 IST" skipped="0">
  <testcase classname="animalBiome_Release.Signup_Newuser" name="start" time="15.280"/>
  <system-out/>
  <testcase classname="animalBiome_Release.Signup_Newuser" name="signup" time="5.206"/>
  <system-out/>
</testsuite> <!-- animalBiome_Release.Signup_Newuser -->
