<?xml version="1.0" encoding="UTF-8"?>
<!-- Generated by org.testng.reporters.JUnitReportReporter -->
<testsuite hostname="pranitha-sa" failures="0" tests="1" name="animalBiome_Release.Signin_Existing_User" time="59.808" errors="0" timestamp="2022-05-04T12:49:51 IST" skipped="0">
  <testcase classname="animalBiome_Release.Signin_Existing_User" name="start" time="59.808"/>
  <system-out/>
</testsuite> <!-- animalBiome_Release.Signin_Existing_User -->
