<?xml version="1.0" encoding="UTF-8"?>
<!-- Generated by org.testng.reporters.JUnitReportReporter -->
<testsuite hostname="praneetha-stratapps" failures="0" tests="1" name="animalBiome_Release.Addpet_dog_with_health_and_diet_none" time="83.710" errors="0" timestamp="2021-12-29T10:17:58 IST" skipped="0">
  <testcase classname="animalBiome_Release.Addpet_dog_with_health_and_diet_none" name="addpet_dog" time="83.710"/>
  <system-out/>
</testsuite> <!-- animalBiome_Release.Addpet_dog_with_health_and_diet_none -->
