<?xml version="1.0" encoding="UTF-8"?>
<!-- Generated by org.testng.reporters.JUnitReportReporter -->
<testsuite hostname="praneetha-stratapps" failures="0" tests="2" name="animalBiome_Release.Addpet_dog_withimg_withoutvet" time="98.595" errors="0" timestamp="2021-12-28T12:42:54 IST" skipped="0">
  <testcase classname="animalBiome_Release.Addpet_dog_withimg_withoutvet" name="start" time="25.146"/>
  <system-out/>
  <testcase classname="animalBiome_Release.Addpet_dog_withimg_withoutvet" name="addpet_dog" time="73.449"/>
  <system-out/>
</testsuite> <!-- animalBiome_Release.Addpet_dog_withimg_withoutvet -->
